#
# There is insufficient memory for the Java Runtime Environment to continue.
# Native memory allocation (malloc) failed to allocate 2038416 bytes for Chunk::new
# Possible reasons:
#   The system is out of physical RAM or swap space
#   In 32 bit mode, the process size limit was hit
# Possible solutions:
#   Reduce memory load on the system
#   Increase physical memory or swap space
#   Check if swap backing store is full
#   Use 64 bit Java on a 64 bit OS
#   Decrease Java heap size (-Xmx/-Xms)
#   Decrease number of Java threads
#   Decrease Java thread stack sizes (-Xss)
#   Set larger code cache with -XX:ReservedCodeCacheSize=
# This output file may be truncated or incomplete.
#
#  Out of Memory Error (allocation.cpp:390), pid=76776, tid=76392
#
# JRE version: Java(TM) SE Runtime Environment (8.0_25-b18) (build 1.8.0_25-b18)
# Java VM: Java HotSpot(TM) 64-Bit Server VM (25.25-b02 mixed mode windows-amd64 compressed oops)
# Failed to write core dump. Minidumps are not enabled by default on client versions of Windows
#

---------------  T H R E A D  ---------------

Current thread (0x0000000015f8c000):  JavaThread "C2 CompilerThread1" daemon [_thread_in_native, id=76392, stack(0x00000000179d0000,0x0000000017ad0000)]

Stack: [0x00000000179d0000,0x0000000017ad0000]
Native frames: (J=compiled Java code, j=interpreted, Vv=VM code, C=native code)
V  [jvm.dll+0x31667a]
V  [jvm.dll+0x267073]
V  [jvm.dll+0x267cb3]
V  [jvm.dll+0x25f5b5]
V  [jvm.dll+0xbf165]
V  [jvm.dll+0xbf60c]
V  [jvm.dll+0x45d672]
V  [jvm.dll+0x49e8ef]
V  [jvm.dll+0x452b41]
V  [jvm.dll+0x453864]
V  [jvm.dll+0x437372]
V  [jvm.dll+0x98a02]
V  [jvm.dll+0x991f3]
V  [jvm.dll+0x22bde4]
V  [jvm.dll+0x2852fa]
C  [msvcr100.dll+0x21d9f]
C  [msvcr100.dll+0x21e3b]
C  [KERNEL32.DLL+0x16ad]
C  [ntdll.dll+0x74629]


Current CompileTask:
C2:1366207 15699   !   4       com.sun.org.apache.xerces.internal.parsers.AbstractSAXParser::startElement (318 bytes)


---------------  P R O C E S S  ---------------

Java Threads: ( => current thread )
  0x000000001d799000 JavaThread "png-cruncher_13" daemon [_thread_blocked, id=76088, stack(0x0000000024e50000,0x0000000024f50000)]
  0x000000001d798800 JavaThread "png-cruncher_12" daemon [_thread_in_native, id=76368, stack(0x0000000024d50000,0x0000000024e50000)]
  0x000000001d793000 JavaThread "png-cruncher_11" daemon [_thread_blocked, id=71812, stack(0x0000000024c50000,0x0000000024d50000)]
  0x000000001d796000 JavaThread "stdout" daemon [_thread_in_native, id=70788, stack(0x0000000024790000,0x0000000024890000)]
  0x000000001d795800 JavaThread "stderr" daemon [_thread_in_native, id=76488, stack(0x0000000024690000,0x0000000024790000)]
  0x000000001d794000 JavaThread "stdout" daemon [_thread_in_native, id=75708, stack(0x0000000024590000,0x0000000024690000)]
  0x000000001d794800 JavaThread "stderr" daemon [_thread_in_native, id=74332, stack(0x0000000024490000,0x0000000024590000)]
  0x000000001dbc0000 JavaThread "stdout" daemon [_thread_in_native, id=76308, stack(0x0000000024390000,0x0000000024490000)]
  0x000000001dbbf800 JavaThread "stderr" daemon [_thread_in_native, id=73560, stack(0x0000000024290000,0x0000000024390000)]
  0x000000001dbbb800 JavaThread "stdout" daemon [_thread_in_native, id=76204, stack(0x0000000024190000,0x0000000024290000)]
  0x000000001dbbe800 JavaThread "stderr" daemon [_thread_in_native, id=76220, stack(0x0000000024090000,0x0000000024190000)]
  0x000000001dbbc800 JavaThread "stdout" daemon [_thread_in_native, id=65520, stack(0x0000000023f90000,0x0000000024090000)]
  0x000000001dbbb000 JavaThread "stderr" daemon [_thread_in_native, id=71000, stack(0x0000000023e90000,0x0000000023f90000)]
  0x000000001dbbe000 JavaThread "stdout" daemon [_thread_in_native, id=77732, stack(0x0000000023c90000,0x0000000023d90000)]
  0x000000001dbbd000 JavaThread "stderr" daemon [_thread_in_native, id=76212, stack(0x0000000023b90000,0x0000000023c90000)]
  0x000000001dbb7000 JavaThread "stdout" daemon [_thread_in_native, id=76336, stack(0x0000000023a90000,0x0000000023b90000)]
  0x000000001dbb9800 JavaThread "stderr" daemon [_thread_in_native, id=71772, stack(0x0000000023990000,0x0000000023a90000)]
  0x000000001dbb8800 JavaThread "stdout" daemon [_thread_in_native, id=72316, stack(0x0000000023890000,0x0000000023990000)]
  0x000000001dbba000 JavaThread "stderr" daemon [_thread_in_native, id=73248, stack(0x0000000023790000,0x0000000023890000)]
  0x000000001dbb8000 JavaThread "stdout" daemon [_thread_in_native, id=77228, stack(0x0000000023690000,0x0000000023790000)]
  0x000000001dbb3800 JavaThread "stderr" daemon [_thread_in_native, id=74724, stack(0x0000000023590000,0x0000000023690000)]
  0x000000001dbb5800 JavaThread "stdout" daemon [_thread_in_native, id=69048, stack(0x0000000023490000,0x0000000023590000)]
  0x000000001dbb5000 JavaThread "stderr" daemon [_thread_in_native, id=62676, stack(0x0000000023390000,0x0000000023490000)]
  0x000000001dbb4000 JavaThread "png-cruncher_10" daemon [_thread_blocked, id=62696, stack(0x0000000023290000,0x0000000023390000)]
  0x000000001dbb6800 JavaThread "png-cruncher_9" daemon [_thread_blocked, id=59204, stack(0x0000000023190000,0x0000000023290000)]
  0x000000001dbb1000 JavaThread "png-cruncher_8" daemon [_thread_blocked, id=72452, stack(0x0000000023090000,0x0000000023190000)]
  0x000000001dbb2800 JavaThread "png-cruncher_7" daemon [_thread_blocked, id=73928, stack(0x0000000022f90000,0x0000000023090000)]
  0x000000001dbb2000 JavaThread "png-cruncher_6" daemon [_thread_blocked, id=76364, stack(0x0000000022e90000,0x0000000022f90000)]
  0x0000000015f9b000 JavaThread "pool-23-thread-1" [_thread_in_native, id=75856, stack(0x0000000022d90000,0x0000000022e90000)]
  0x000000001c316800 JavaThread "png-cruncher_5" daemon [_thread_blocked, id=71108, stack(0x0000000022c90000,0x0000000022d90000)]
  0x000000001c318000 JavaThread "png-cruncher_4" daemon [_thread_blocked, id=68808, stack(0x0000000022b90000,0x0000000022c90000)]
  0x000000001c316000 JavaThread "png-cruncher_3" daemon [_thread_blocked, id=72144, stack(0x0000000022a90000,0x0000000022b90000)]
  0x000000001c317800 JavaThread "png-cruncher_2" daemon [_thread_blocked, id=73812, stack(0x0000000022990000,0x0000000022a90000)]
  0x000000001c313800 JavaThread "png-cruncher_1" daemon [_thread_blocked, id=77572, stack(0x0000000022890000,0x0000000022990000)]
  0x000000001c313000 JavaThread "pool-22-thread-4" [_thread_in_native, id=70584, stack(0x0000000022790000,0x0000000022890000)]
  0x000000001c315000 JavaThread "pool-22-thread-3" [_thread_in_native, id=76324, stack(0x0000000022690000,0x0000000022790000)]
  0x000000001c311800 JavaThread "pool-22-thread-2" [_thread_in_native, id=74500, stack(0x0000000022590000,0x0000000022690000)]
  0x000000001c314800 JavaThread "pool-22-thread-1" [_thread_in_native, id=77740, stack(0x00000000221c0000,0x00000000222c0000)]
  0x000000001c30d800 JavaThread "Stdin handler" [_thread_blocked, id=72844, stack(0x000000001f7e0000,0x000000001f8e0000)]
  0x000000001c30d000 JavaThread "Asynchronous log dispatcher for org.gradle.launcher.daemon.server.DefaultDaemonConnection@3e32ac73" [_thread_blocked, id=77436, stack(0x000000001e5a0000,0x000000001e6a0000)]
  0x000000001c30b800 JavaThread "Cancel handler" [_thread_blocked, id=74944, stack(0x0000000019fd0000,0x000000001a0d0000)]
  0x000000001c30a800 JavaThread "Handler for socket connection from /127.0.0.1:3498 to /127.0.0.1:6980" [_thread_in_native, id=73044, stack(0x0000000019ed0000,0x0000000019fd0000)]
  0x000000001c310000 JavaThread "pool-7-thread-4" [_thread_blocked, id=74708, stack(0x00000000212c0000,0x00000000213c0000)]
  0x000000001c309800 JavaThread "Daemon worker Thread 5" [_thread_in_native, id=73912, stack(0x000000001a0d0000,0x000000001a1d0000)]
  0x000000001c30c000 JavaThread "Daemon Thread 5" [_thread_blocked, id=66012, stack(0x0000000019dd0000,0x0000000019ed0000)]
  0x000000001c310800 JavaThread "pool-7-thread-3" [_thread_blocked, id=77352, stack(0x00000000220c0000,0x00000000221c0000)]
  0x000000001c30e800 JavaThread "pool-7-thread-2" [_thread_blocked, id=76960, stack(0x0000000021fc0000,0x00000000220c0000)]
  0x000000001c30f000 JavaThread "pool-7-thread-1" [_thread_blocked, id=63352, stack(0x000000001ed80000,0x000000001ee80000)]
  0x0000000015f94800 JavaThread "pool-2-thread-1" [_thread_blocked, id=75892, stack(0x000000001ce70000,0x000000001cf70000)]
  0x0000000018c2b800 JavaThread "File lock request listener" [_thread_in_native, id=76136, stack(0x000000001b9a0000,0x000000001baa0000)]
  0x00000000173a4800 JavaThread "Incoming local TCP Connector on port 3498" [_thread_in_native, id=77712, stack(0x0000000019750000,0x0000000019850000)]
  0x0000000018c80800 JavaThread "pool-1-thread-1" [_thread_blocked, id=76272, stack(0x00000000185d0000,0x00000000186d0000)]
  0x0000000017364000 JavaThread "Service Thread" daemon [_thread_blocked, id=77168, stack(0x0000000017bd0000,0x0000000017cd0000)]
  0x0000000015f95800 JavaThread "C1 CompilerThread2" daemon [_thread_in_vm, id=74668, stack(0x0000000017ad0000,0x0000000017bd0000)]
=>0x0000000015f8c000 JavaThread "C2 CompilerThread1" daemon [_thread_in_native, id=76392, stack(0x00000000179d0000,0x0000000017ad0000)]
  0x0000000015f87800 JavaThread "C2 CompilerThread0" daemon [_thread_in_native, id=73460, stack(0x00000000178d0000,0x00000000179d0000)]
  0x0000000017312800 JavaThread "Attach Listener" daemon [_thread_blocked, id=75928, stack(0x00000000177d0000,0x00000000178d0000)]
  0x0000000015f7e000 JavaThread "Signal Dispatcher" daemon [_thread_blocked, id=77204, stack(0x00000000176d0000,0x00000000177d0000)]
  0x00000000025f6000 JavaThread "Finalizer" daemon [_thread_blocked, id=75816, stack(0x00000000171d0000,0x00000000172d0000)]
  0x00000000025ed000 JavaThread "Reference Handler" daemon [_thread_blocked, id=68524, stack(0x00000000170d0000,0x00000000171d0000)]
  0x0000000002500800 JavaThread "main" [_thread_blocked, id=76856, stack(0x0000000002370000,0x0000000002470000)]

Other Threads:
  0x0000000015f35800 VMThread [stack: 0x0000000016fd0000,0x00000000170d0000] [id=71892]
  0x0000000017366800 WatcherThread [stack: 0x0000000017cd0000,0x0000000017dd0000] [id=76968]

VM state:not at safepoint (normal execution)

VM Mutex/Monitor currently owned by a thread: None

Heap:
 PSYoungGen      total 384000K, used 229683K [0x00000000e0000000, 0x00000000f9200000, 0x0000000100000000)
  eden space 357376K, 64% used [0x00000000e0000000,0x00000000ee04cf50,0x00000000f5d00000)
  from space 26624K, 0% used [0x00000000f7800000,0x00000000f7800000,0x00000000f9200000)
  to   space 27136K, 0% used [0x00000000f5d00000,0x00000000f5d00000,0x00000000f7780000)
 ParOldGen       total 84992K, used 51603K [0x00000000a0000000, 0x00000000a5300000, 0x00000000e0000000)
  object space 84992K, 60% used [0x00000000a0000000,0x00000000a3264da0,0x00000000a5300000)
 Metaspace       used 71371K, capacity 74640K, committed 74880K, reserved 1114112K
  class space    used 9423K, capacity 10051K, committed 10112K, reserved 1048576K

Card table byte_map: [0x00000000119c0000,0x0000000011cd0000] byte_map_base: 0x00000000114c0000

Marking Bits: (ParMarkBitMap*) 0x000000005b50d490
 Begin Bits: [0x00000000122d0000, 0x0000000013ad0000)
 End Bits:   [0x0000000013ad0000, 0x00000000152d0000)

Polling page: 0x00000000008e0000

CodeCache: size=245760Kb used=43207Kb max_used=43989Kb free=202552Kb
 bounds [0x0000000002600000, 0x0000000005130000, 0x0000000011600000]
 total_blobs=13599 nmethods=12849 adapters=662
 compilation: enabled

Compilation events (10 events):
Event: 1365.183 Thread 0x0000000015f95800 15884       1       com.sun.org.apache.xerces.internal.dom.CharacterDataImpl::getChildNodes (4 bytes)
Event: 1365.183 Thread 0x0000000015f95800 nmethod 15884 0x0000000002f43d10 code [0x0000000002f43e60, 0x0000000002f43f70]
Event: 1365.183 Thread 0x0000000015f95800 15885       1       com.sun.org.apache.xerces.internal.dom.CharacterDataImpl$1::getLength (2 bytes)
Event: 1365.183 Thread 0x0000000015f95800 nmethod 15885 0x00000000030c3a90 code [0x00000000030c3be0, 0x00000000030c3cf0]
Event: 1365.193 Thread 0x0000000015f95800 15886       1       com.sun.org.apache.xerces.internal.dom.CoreDocumentImpl::getNodeType (3 bytes)
Event: 1365.194 Thread 0x0000000015f95800 nmethod 15886 0x00000000034fe250 code [0x00000000034fe3a0, 0x00000000034fe4b0]
Event: 1365.194 Thread 0x0000000015f95800 15887       2       com.google.common.cache.LocalCache$2::poll (2 bytes)
Event: 1365.194 Thread 0x0000000015f95800 nmethod 15887 0x000000000295c690 code [0x000000000295c7e0, 0x000000000295c930]
Event: 1365.278 Thread 0x0000000015f95800 15888       1       com.sun.org.apache.xerces.internal.dom.NodeImpl::getAttributes (2 bytes)
Event: 1365.278 Thread 0x0000000015f95800 nmethod 15888 0x000000000464e110 code [0x000000000464e260, 0x000000000464e370]

GC Heap History (10 events):
Event: 1151.624 GC heap before
{Heap before GC invocations=20 (full 4):
 PSYoungGen      total 384512K, used 231021K [0x00000000e0000000, 0x00000000f9300000, 0x0000000100000000)
  eden space 357376K, 64% used [0x00000000e0000000,0x00000000ee19b528,0x00000000f5d00000)
  from space 27136K, 0% used [0x00000000f5d00000,0x00000000f5d00000,0x00000000f7780000)
  to   space 27648K, 0% used [0x00000000f7800000,0x00000000f7800000,0x00000000f9300000)
 ParOldGen       total 84992K, used 50694K [0x00000000a0000000, 0x00000000a5300000, 0x00000000e0000000)
  object space 84992K, 59% used [0x00000000a0000000,0x00000000a3181a78,0x00000000a5300000)
 Metaspace       used 68763K, capacity 71580K, committed 71808K, reserved 1112064K
  class space    used 9197K, capacity 9775K, committed 9856K, reserved 1048576K
Event: 1151.632 GC heap after
Heap after GC invocations=20 (full 4):
 PSYoungGen      total 384000K, used 1911K [0x00000000e0000000, 0x00000000f9200000, 0x0000000100000000)
  eden space 357376K, 0% used [0x00000000e0000000,0x00000000e0000000,0x00000000f5d00000)
  from space 26624K, 7% used [0x00000000f7800000,0x00000000f79dde40,0x00000000f9200000)
  to   space 27136K, 0% used [0x00000000f5d00000,0x00000000f5d00000,0x00000000f7780000)
 ParOldGen       total 84992K, used 50702K [0x00000000a0000000, 0x00000000a5300000, 0x00000000e0000000)
  object space 84992K, 59% used [0x00000000a0000000,0x00000000a3183a78,0x00000000a5300000)
 Metaspace       used 68763K, capacity 71580K, committed 71808K, reserved 1112064K
  class space    used 9197K, capacity 9775K, committed 9856K, reserved 1048576K
}
Event: 1151.633 GC heap before
{Heap before GC invocations=21 (full 5):
 PSYoungGen      total 384000K, used 1911K [0x00000000e0000000, 0x00000000f9200000, 0x0000000100000000)
  eden space 357376K, 0% used [0x00000000e0000000,0x00000000e0000000,0x00000000f5d00000)
  from space 26624K, 7% used [0x00000000f7800000,0x00000000f79dde40,0x00000000f9200000)
  to   space 27136K, 0% used [0x00000000f5d00000,0x00000000f5d00000,0x00000000f7780000)
 ParOldGen       total 84992K, used 50702K [0x00000000a0000000, 0x00000000a5300000, 0x00000000e0000000)
  object space 84992K, 59% used [0x00000000a0000000,0x00000000a3183a78,0x00000000a5300000)
 Metaspace       used 68763K, capacity 71580K, committed 71808K, reserved 1112064K
  class space    used 9197K, capacity 9775K, committed 9856K, reserved 1048576K
Event: 1152.128 GC heap after
Heap after GC invocations=21 (full 5):
 PSYoungGen      total 384000K, used 0K [0x00000000e0000000, 0x00000000f9200000, 0x0000000100000000)
  eden space 357376K, 0% used [0x00000000e0000000,0x00000000e0000000,0x00000000f5d00000)
  from space 26624K, 0% used [0x00000000f7800000,0x00000000f7800000,0x00000000f9200000)
  to   space 27136K, 0% used [0x00000000f5d00000,0x00000000f5d00000,0x00000000f7780000)
 ParOldGen       total 84992K, used 52146K [0x00000000a0000000, 0x00000000a5300000, 0x00000000e0000000)
  object space 84992K, 61% used [0x00000000a0000000,0x00000000a32ecad0,0x00000000a5300000)
 Metaspace       used 68763K, capacity 71580K, committed 71808K, reserved 1112064K
  class space    used 9197K, capacity 9775K, committed 9856K, reserved 1048576K
}
Event: 1348.623 GC heap before
{Heap before GC invocations=22 (full 5):
 PSYoungGen      total 384000K, used 357376K [0x00000000e0000000, 0x00000000f9200000, 0x0000000100000000)
  eden space 357376K, 100% used [0x00000000e0000000,0x00000000f5d00000,0x00000000f5d00000)
  from space 26624K, 0% used [0x00000000f7800000,0x00000000f7800000,0x00000000f9200000)
  to   space 27136K, 0% used [0x00000000f5d00000,0x00000000f5d00000,0x00000000f7780000)
 ParOldGen       total 84992K, used 52146K [0x00000000a0000000, 0x00000000a5300000, 0x00000000e0000000)
  object space 84992K, 61% used [0x00000000a0000000,0x00000000a32ecad0,0x00000000a5300000)
 Metaspace       used 69601K, capacity 72618K, committed 72832K, reserved 1112064K
  class space    used 9244K, capacity 9842K, committed 9856K, reserved 1048576K
Event: 1348.635 GC heap after
Heap after GC invocations=22 (full 5):
 PSYoungGen      total 384512K, used 6918K [0x00000000e0000000, 0x00000000f9200000, 0x0000000100000000)
  eden space 357376K, 0% used [0x00000000e0000000,0x00000000e0000000,0x00000000f5d00000)
  from space 27136K, 25% used [0x00000000f5d00000,0x00000000f63c1a80,0x00000000f7780000)
  to   space 26624K, 0% used [0x00000000f7800000,0x00000000f7800000,0x00000000f9200000)
 ParOldGen       total 84992K, used 52154K [0x00000000a0000000, 0x00000000a5300000, 0x00000000e0000000)
  object space 84992K, 61% used [0x00000000a0000000,0x00000000a32eead0,0x00000000a5300000)
 Metaspace       used 69601K, capacity 72618K, committed 72832K, reserved 1112064K
  class space    used 9244K, capacity 9842K, committed 9856K, reserved 1048576K
}
Event: 1349.396 GC heap before
{Heap before GC invocations=23 (full 5):
 PSYoungGen      total 384512K, used 27319K [0x00000000e0000000, 0x00000000f9200000, 0x0000000100000000)
  eden space 357376K, 5% used [0x00000000e0000000,0x00000000e13ec1c0,0x00000000f5d00000)
  from space 27136K, 25% used [0x00000000f5d00000,0x00000000f63c1a80,0x00000000f7780000)
  to   space 26624K, 0% used [0x00000000f7800000,0x00000000f7800000,0x00000000f9200000)
 ParOldGen       total 84992K, used 52154K [0x00000000a0000000, 0x00000000a5300000, 0x00000000e0000000)
  object space 84992K, 61% used [0x00000000a0000000,0x00000000a32eead0,0x00000000a5300000)
 Metaspace       used 69910K, capacity 73004K, committed 73088K, reserved 1112064K
  class space    used 9277K, capacity 9853K, committed 9856K, reserved 1048576K
Event: 1349.400 GC heap after
Heap after GC invocations=23 (full 5):
 PSYoungGen      total 384000K, used 1127K [0x00000000e0000000, 0x00000000f9200000, 0x0000000100000000)
  eden space 357376K, 0% used [0x00000000e0000000,0x00000000e0000000,0x00000000f5d00000)
  from space 26624K, 4% used [0x00000000f7800000,0x00000000f7919c70,0x00000000f9200000)
  to   space 27136K, 0% used [0x00000000f5d00000,0x00000000f5d00000,0x00000000f7780000)
 ParOldGen       total 84992K, used 52162K [0x00000000a0000000, 0x00000000a5300000, 0x00000000e0000000)
  object space 84992K, 61% used [0x00000000a0000000,0x00000000a32f0ad0,0x00000000a5300000)
 Metaspace       used 69910K, capacity 73004K, committed 73088K, reserved 1112064K
  class space    used 9277K, capacity 9853K, committed 9856K, reserved 1048576K
}
Event: 1349.400 GC heap before
{Heap before GC invocations=24 (full 6):
 PSYoungGen      total 384000K, used 1127K [0x00000000e0000000, 0x00000000f9200000, 0x0000000100000000)
  eden space 357376K, 0% used [0x00000000e0000000,0x00000000e0000000,0x00000000f5d00000)
  from space 26624K, 4% used [0x00000000f7800000,0x00000000f7919c70,0x00000000f9200000)
  to   space 27136K, 0% used [0x00000000f5d00000,0x00000000f5d00000,0x00000000f7780000)
 ParOldGen       total 84992K, used 52162K [0x00000000a0000000, 0x00000000a5300000, 0x00000000e0000000)
  object space 84992K, 61% used [0x00000000a0000000,0x00000000a32f0ad0,0x00000000a5300000)
 Metaspace       used 69910K, capacity 73004K, committed 73088K, reserved 1112064K
  class space    used 9277K, capacity 9853K, committed 9856K, reserved 1048576K
Event: 1349.826 GC heap after
Heap after GC invocations=24 (full 6):
 PSYoungGen      total 384000K, used 0K [0x00000000e0000000, 0x00000000f9200000, 0x0000000100000000)
  eden space 357376K, 0% used [0x00000000e0000000,0x00000000e0000000,0x00000000f5d00000)
  from space 26624K, 0% used [0x00000000f7800000,0x00000000f7800000,0x00000000f9200000)
  to   space 27136K, 0% used [0x00000000f5d00000,0x00000000f5d00000,0x00000000f7780000)
 ParOldGen       total 84992K, used 51603K [0x00000000a0000000, 0x00000000a5300000, 0x00000000e0000000)
  object space 84992K, 60% used [0x00000000a0000000,0x00000000a3264da0,0x00000000a5300000)
 Metaspace       used 69910K, capacity 73004K, committed 73088K, reserved 1112064K
  class space    used 9277K, capacity 9853K, committed 9856K, reserved 1048576K
}

Deoptimization events (10 events):
Event: 1364.899 Thread 0x000000001c309800 Uncommon trap: reason=bimorphic action=maybe_recompile pc=0x00000000050be100 method=com.sun.org.apache.xerces.internal.dom.ParentNode.checkNormalizationAfterInsert(Lcom/sun/org/apache/xerces/internal/dom/ChildNode;)V @ 23
Event: 1364.899 Thread 0x000000001c309800 Uncommon trap: reason=bimorphic action=maybe_recompile pc=0x00000000050be100 method=com.sun.org.apache.xerces.internal.dom.ParentNode.checkNormalizationAfterInsert(Lcom/sun/org/apache/xerces/internal/dom/ChildNode;)V @ 23
Event: 1364.899 Thread 0x000000001c309800 Uncommon trap: reason=bimorphic action=maybe_recompile pc=0x00000000050be100 method=com.sun.org.apache.xerces.internal.dom.ParentNode.checkNormalizationAfterInsert(Lcom/sun/org/apache/xerces/internal/dom/ChildNode;)V @ 23
Event: 1364.899 Thread 0x000000001c309800 Uncommon trap: reason=bimorphic action=maybe_recompile pc=0x00000000050bd72c method=com.sun.org.apache.xerces.internal.dom.ParentNode.checkNormalizationAfterInsert(Lcom/sun/org/apache/xerces/internal/dom/ChildNode;)V @ 23
Event: 1365.213 Thread 0x000000001c318000 Uncommon trap: reason=bimorphic action=maybe_recompile pc=0x0000000004d29cb8 method=sun.nio.cs.StreamEncoder.writeBytes()V @ 120
Event: 1365.219 Thread 0x000000001c316800 Uncommon trap: reason=bimorphic action=maybe_recompile pc=0x0000000004d29cb8 method=sun.nio.cs.StreamEncoder.writeBytes()V @ 120
Event: 1365.220 Thread 0x000000001dbb6800 Uncommon trap: reason=bimorphic action=maybe_recompile pc=0x0000000004d29cb8 method=sun.nio.cs.StreamEncoder.writeBytes()V @ 120
Event: 1365.223 Thread 0x000000001dbb4000 Uncommon trap: reason=bimorphic action=maybe_recompile pc=0x0000000004d29cb8 method=sun.nio.cs.StreamEncoder.writeBytes()V @ 120
Event: 1365.223 Thread 0x000000001dbb1000 Uncommon trap: reason=bimorphic action=maybe_recompile pc=0x0000000004d29cb8 method=sun.nio.cs.StreamEncoder.writeBytes()V @ 120
Event: 1365.233 Thread 0x000000001c317800 Uncommon trap: reason=unreached action=reinterpret pc=0x0000000004a14700 method=java.util.concurrent.ConcurrentHashMap.addCount(JI)V @ 42

Internal exceptions (10 events):
Event: 1364.967 Thread 0x000000001c316800 Exception <a 'java/security/PrivilegedActionException'> (0x00000000eb819348) thrown at [D:\re\workspace\8-2-build-windows-amd64-cygwin\jdk8u25\1677\hotspot\src\share\vm\prims\jvm.cpp, line 1312]
Event: 1364.968 Thread 0x000000001c316800 Exception <a 'java/security/PrivilegedActionException'> (0x00000000eb81ecb0) thrown at [D:\re\workspace\8-2-build-windows-amd64-cygwin\jdk8u25\1677\hotspot\src\share\vm\prims\jvm.cpp, line 1312]
Event: 1364.968 Thread 0x000000001c316800 Exception <a 'java/security/PrivilegedActionException'> (0x00000000eb8234d0) thrown at [D:\re\workspace\8-2-build-windows-amd64-cygwin\jdk8u25\1677\hotspot\src\share\vm\prims\jvm.cpp, line 1312]
Event: 1364.969 Thread 0x000000001c316800 Exception <a 'java/security/PrivilegedActionException'> (0x00000000eb827ba8) thrown at [D:\re\workspace\8-2-build-windows-amd64-cygwin\jdk8u25\1677\hotspot\src\share\vm\prims\jvm.cpp, line 1312]
Event: 1364.969 Thread 0x000000001c316800 Exception <a 'java/security/PrivilegedActionException'> (0x00000000eb82c890) thrown at [D:\re\workspace\8-2-build-windows-amd64-cygwin\jdk8u25\1677\hotspot\src\share\vm\prims\jvm.cpp, line 1312]
Event: 1365.034 Thread 0x000000001c309800 Exception <a 'java/security/PrivilegedActionException'> (0x00000000ecd43468) thrown at [D:\re\workspace\8-2-build-windows-amd64-cygwin\jdk8u25\1677\hotspot\src\share\vm\prims\jvm.cpp, line 1312]
Event: 1365.072 Thread 0x000000001c309800 Exception <a 'java/security/PrivilegedActionException'> (0x00000000ecd6c668) thrown at [D:\re\workspace\8-2-build-windows-amd64-cygwin\jdk8u25\1677\hotspot\src\share\vm\prims\jvm.cpp, line 1312]
Event: 1365.211 Thread 0x000000001c318000 Exception <a 'java/security/PrivilegedActionException'> (0x00000000eb8d1ee8) thrown at [D:\re\workspace\8-2-build-windows-amd64-cygwin\jdk8u25\1677\hotspot\src\share\vm\prims\jvm.cpp, line 1312]
Event: 1365.212 Thread 0x000000001c318000 Exception <a 'java/security/PrivilegedActionException'> (0x00000000eb8d6998) thrown at [D:\re\workspace\8-2-build-windows-amd64-cygwin\jdk8u25\1677\hotspot\src\share\vm\prims\jvm.cpp, line 1312]
Event: 1365.233 Thread 0x000000001c317800 Implicit null exception at 0x0000000004a140fc to 0x0000000004a146e5

Events (10 events):
Event: 1365.231 Executing VM operation: RevokeBias done
Event: 1365.233 Thread 0x000000001c317800 Uncommon trap: trap_request=0xffffffad fr.pc=0x0000000004a14700
Event: 1365.233 Thread 0x000000001c317800 DEOPT PACKING pc=0x0000000004a14700 sp=0x0000000022a8ef10
Event: 1365.233 Thread 0x000000001c317800 DEOPT UNPACKING pc=0x000000000264556a sp=0x0000000022a8edf0 mode 2
Event: 1365.233 Executing VM operation: RevokeBias
Event: 1365.233 Executing VM operation: RevokeBias done
Event: 1365.277 Executing VM operation: RevokeBias
Event: 1365.277 Executing VM operation: RevokeBias done
Event: 1365.277 Executing VM operation: RevokeBias
Event: 1365.278 Executing VM operation: RevokeBias done


Dynamic libraries:
0x00007ff6d8a90000 - 0x00007ff6d8ac4000 	C:\Program Files\Java\jdk1.8.0_25\bin\java.exe
0x00007ffecf850000 - 0x00007ffecf9fa000 	C:\WINDOWS\SYSTEM32\ntdll.dll
0x00007ffecd0d0000 - 0x00007ffecd20a000 	C:\WINDOWS\system32\KERNEL32.DLL
0x00007ffeccf10000 - 0x00007ffecd01f000 	C:\WINDOWS\system32\KERNELBASE.dll
0x00007ffecb5e0000 - 0x00007ffecb668000 	C:\WINDOWS\system32\apphelp.dll
0x00007ffebe160000 - 0x00007ffebe1af000 	C:\WINDOWS\AppPatch\AppPatch64\AcGenral.DLL
0x00007ffecd4a0000 - 0x00007ffecd547000 	C:\WINDOWS\system32\msvcrt.dll
0x00007ffecca00000 - 0x00007ffecca2b000 	C:\WINDOWS\SYSTEM32\SspiCli.dll
0x00007ffecd7b0000 - 0x00007ffecd801000 	C:\WINDOWS\system32\SHLWAPI.dll
0x00007ffecd810000 - 0x00007ffecd981000 	C:\WINDOWS\system32\USER32.dll
0x00007ffecf6d0000 - 0x00007ffecf848000 	C:\WINDOWS\system32\ole32.dll
0x00007ffecdec0000 - 0x00007ffecf2d7000 	C:\WINDOWS\system32\SHELL32.dll
0x00007ffecc4b0000 - 0x00007ffecc4ce000 	C:\WINDOWS\SYSTEM32\USERENV.dll
0x00007ffecd210000 - 0x00007ffecd2b5000 	C:\WINDOWS\system32\ADVAPI32.dll
0x00007ffec1780000 - 0x00007ffec179b000 	C:\WINDOWS\SYSTEM32\MPR.dll
0x00007ffecd990000 - 0x00007ffecdac6000 	C:\WINDOWS\system32\RPCRT4.dll
0x00007ffecf520000 - 0x00007ffecf577000 	C:\WINDOWS\SYSTEM32\sechost.dll
0x00007ffecdb00000 - 0x00007ffecdcd6000 	C:\WINDOWS\SYSTEM32\combase.dll
0x00007ffecf580000 - 0x00007ffecf6c5000 	C:\WINDOWS\system32\GDI32.dll
0x00007ffeccbc0000 - 0x00007ffeccbd4000 	C:\WINDOWS\SYSTEM32\profapi.dll
0x00007ffecae70000 - 0x00007ffecaf0f000 	C:\WINDOWS\SYSTEM32\SHCORE.dll
0x00007ffecf480000 - 0x00007ffecf4b4000 	C:\WINDOWS\system32\IMM32.DLL
0x00007ffecd670000 - 0x00007ffecd7a9000 	C:\WINDOWS\system32\MSCTF.dll
0x00007ffec91e0000 - 0x00007ffec943a000 	C:\WINDOWS\WinSxS\amd64_microsoft.windows.common-controls_6595b64144ccf1df_6.0.9600.17031_none_6242a4b3ecbb55a1\COMCTL32.dll
0x000000005b590000 - 0x000000005b662000 	C:\Program Files\Java\jdk1.8.0_25\jre\bin\msvcr100.dll
0x000000005ad30000 - 0x000000005b58a000 	C:\Program Files\Java\jdk1.8.0_25\jre\bin\server\jvm.dll
0x00007ffec6500000 - 0x00007ffec6509000 	C:\WINDOWS\SYSTEM32\WSOCK32.dll
0x00007ffec7eb0000 - 0x00007ffec7ecf000 	C:\WINDOWS\SYSTEM32\WINMM.dll
0x00007ffecdaf0000 - 0x00007ffecdaf7000 	C:\WINDOWS\system32\PSAPI.DLL
0x00007ffecd610000 - 0x00007ffecd668000 	C:\WINDOWS\system32\WS2_32.dll
0x00007ffec6840000 - 0x00007ffec686a000 	C:\WINDOWS\SYSTEM32\WINMMBASE.dll
0x00007ffecdae0000 - 0x00007ffecdae9000 	C:\WINDOWS\system32\NSI.dll
0x00007ffeccec0000 - 0x00007ffeccf0a000 	C:\WINDOWS\SYSTEM32\cfgmgr32.dll
0x00007ffecba40000 - 0x00007ffecba66000 	C:\WINDOWS\SYSTEM32\DEVOBJ.dll
0x000000005bd60000 - 0x000000005bd6f000 	C:\Program Files\Java\jdk1.8.0_25\jre\bin\verify.dll
0x000000005bd30000 - 0x000000005bd58000 	C:\Program Files\Java\jdk1.8.0_25\jre\bin\java.dll
0x000000005bd10000 - 0x000000005bd26000 	C:\Program Files\Java\jdk1.8.0_25\jre\bin\zip.dll
0x000000005bcf0000 - 0x000000005bd0a000 	C:\Program Files\Java\jdk1.8.0_25\jre\bin\net.dll
0x00007ffecc340000 - 0x00007ffecc398000 	C:\WINDOWS\system32\mswsock.dll
0x000000005bcd0000 - 0x000000005bce1000 	C:\Program Files\Java\jdk1.8.0_25\jre\bin\nio.dll
0x00007ffec7f70000 - 0x00007ffec7f82000 	C:\Users\User-PC\.gradle\native\19\windows-amd64\native-platform.dll
0x00007ffecc4d0000 - 0x00007ffecc4ee000 	C:\WINDOWS\SYSTEM32\CRYPTSP.dll
0x00007ffecc090000 - 0x00007ffecc0c5000 	C:\WINDOWS\system32\rsaenh.dll
0x00007ffecc710000 - 0x00007ffecc736000 	C:\WINDOWS\SYSTEM32\bcrypt.dll
0x00007ffecca30000 - 0x00007ffecca90000 	C:\WINDOWS\system32\bcryptprimitives.dll
0x00007ffecca90000 - 0x00007ffecca9a000 	C:\WINDOWS\SYSTEM32\CRYPTBASE.dll
0x00007ffec7e10000 - 0x00007ffec7e39000 	C:\WINDOWS\SYSTEM32\IPHLPAPI.DLL
0x00007ffec7de0000 - 0x00007ffec7dea000 	C:\WINDOWS\SYSTEM32\WINNSI.DLL
0x00007ffec74e0000 - 0x00007ffec74f4000 	C:\WINDOWS\SYSTEM32\dhcpcsvc6.DLL
0x00007ffec7ab0000 - 0x00007ffec7ac9000 	C:\WINDOWS\SYSTEM32\dhcpcsvc.DLL
0x000000005bcc0000 - 0x000000005bccd000 	C:\Program Files\Java\jdk1.8.0_25\jre\bin\management.dll
0x00007ffeb38c0000 - 0x00007ffeb3a48000 	C:\WINDOWS\SYSTEM32\dbghelp.dll

VM Arguments:
jvm_args: -Xmx1536m -Dfile.encoding=x-windows-950 -Duser.country=TW -Duser.language=zh -Duser.variant 
java_command: org.gradle.launcher.daemon.bootstrap.GradleDaemon 2.14.1
java_class_path (initial): C:\Program Files\Android\Android Studio\gradle\gradle-2.14.1\lib\gradle-launcher-2.14.1.jar
Launcher Type: SUN_STANDARD

Environment Variables:
PATH=C:\ProgramData\Oracle\Java\javapath;C:\Program Files (x86)\Intel\iCLS Client\;C:\Program Files\Intel\iCLS Client\;C:\WINDOWS\system32;C:\WINDOWS;C:\WINDOWS\System32\Wbem;C:\WINDOWS\System32\WindowsPowerShell\v1.0\;C:\Program Files (x86)\Windows Live\Shared;C:\Program Files\Intel\Intel(R) Management Engine Components\DAL;C:\Program Files\Intel\Intel(R) Management Engine Components\IPT;C:\Program Files (x86)\Intel\Intel(R) Management Engine Components\DAL;C:\Program Files (x86)\Intel\Intel(R) Management Engine Components\IPT;C:\Program Files (x86)\Intel\OpenCL SDK\2.0\bin\x86;C:\Program Files (x86)\Intel\OpenCL SDK\2.0\bin\x64;C:\Program Files\Diskeeper Corporation\ExpressCache\;%JAVA_HOME%\bin;C:\Program Files (x86)\Skype\Phone\
USERNAME=User-PC
OS=Windows_NT
PROCESSOR_IDENTIFIER=Intel64 Family 6 Model 58 Stepping 9, GenuineIntel



---------------  S Y S T E M  ---------------

OS: Windows 8.1 , 64 bit Build 9600 

CPU:total 4 (2 cores per cpu, 2 threads per core) family 6 model 58 stepping 9, cmov, cx8, fxsr, mmx, sse, sse2, sse3, ssse3, sse4.1, sse4.2, popcnt, avx, aes, clmul, erms, ht, tsc, tscinvbit, tscinv

Memory: 4k page, physical 8271572k(2013584k free), swap 9320148k(5068k free)

vm_info: Java HotSpot(TM) 64-Bit Server VM (25.25-b02) for windows-amd64 JRE (1.8.0_25-b18), built on Oct  7 2014 14:25:37 by "java_re" with MS VC++ 10.0 (VS2010)

time: Fri Oct 07 13:47:30 2016
elapsed time: 1365 seconds (0d 0h 22m 45s)

